Build started 05-01-2014 22:17:16.
     1>Project "C:\Users\Optimus\Documents\GitHub\SideScrollerDragon\SST.vcxproj" on node 2 (build target(s)).
     1>InitializeBuildStatus:
         Creating "Debug\SST.unsuccessfulbuild" because "AlwaysCreate" was specified.
       ClCompile:
         C:\Program Files\Microsoft Visual Studio 10.0\VC\bin\CL.exe /c /I"D:\SFML-2.1\include" /Zi /nologo /W3 /WX- /Od /Oy- /D _MBCS /D _MBCS /Gm /EHsc /RTC1 /MDd /GS /fp:precise /Zc:wchar_t /Zc:forScope /Fo"Debug\\" /Fd"Debug\vc100.pdb" /Gd /TP /analyze- /errorReport:prompt src\MediaManager.cpp
         MediaManager.cpp
     1>src\MediaManager.cpp(20): warning C4996: 'strerror': This function or variable may be unsafe. Consider using strerror_s instead. To disable deprecation, use _CRT_SECURE_NO_WARNINGS. See online help for details.
                 C:\Program Files\Microsoft Visual Studio 10.0\VC\include\string.h(157) : see declaration of 'strerror'
         All outputs are up-to-date.
       Link:
         C:\Program Files\Microsoft Visual Studio 10.0\VC\bin\link.exe /ERRORREPORT:PROMPT /OUT:"bin\SST.exe" /NOLOGO /LIBPATH:"D:\SFML-2.1\lib" tinyxml.lib "sfml-graphics-d.lib" "sfml-window-d.lib" "sfml-system-d.lib" /MANIFEST /ManifestFile:"Debug\SST.exe.intermediate.manifest" /MANIFESTUAC:"level='asInvoker' uiAccess='false'" /DEBUG /PDB:"C:\Users\Optimus\Documents\GitHub\SideScrollerDragon\bin\SST.pdb" /TLBID:1 /DYNAMICBASE /NXCOMPAT /IMPLIB:"bin\SST.lib" /MACHINE:X86 Debug\CharacterObject.obj
         Debug\GameObject.obj
         Debug\main.obj
         Debug\MediaManager.obj
         Debug\MovingObject.obj
         Debug\PlayerObject.obj
         Debug\sfmlTest.obj
         SST.vcxproj -> C:\Users\Optimus\Documents\GitHub\SideScrollerDragon\bin\SST.exe
       Manifest:
         c:\Program Files\Microsoft SDKs\Windows\v7.0A\bin\mt.exe /nologo /verbose /outputresource:"bin\SST.exe;#1" /manifest Debug\SST.exe.intermediate.manifest
       FinalizeBuildStatus:
         Deleting file "Debug\SST.unsuccessfulbuild".
         Touching "Debug\SST.lastbuildstate".
     1>Done Building Project "C:\Users\Optimus\Documents\GitHub\SideScrollerDragon\SST.vcxproj" (build target(s)).

Build succeeded.

Time Elapsed 00:00:04.48
